<?xml version="1.0" encoding="UTF-8"?>
<testng-results ignored="2" total="6" passed="4" failed="0" skipped="0">
  <reporter-output>
  </reporter-output>
  <suite started-at="2023-05-05T02:47:42 IST" name="Default suite" finished-at="2023-05-05T02:47:45 IST" duration-ms="2675">
    <groups>
    </groups>
    <test started-at="2023-05-05T02:47:42 IST" name="Default test" finished-at="2023-05-05T02:47:45 IST" duration-ms="2675">
      <class name="pod1.DynamicJson">
        <test-method signature="addBookDynamic(java.lang.String,int)[pri:0, instance:pod1.DynamicJson@3e27aa33]" started-at="2023-05-05T02:47:42 IST" name="addBookDynamic" data-provider="bookList" finished-at="2023-05-05T02:47:44 IST" duration-ms="2252" status="PASS">
          <params>
            <param index="0">
              <value>
                <![CDATA[Iroenman]]>
              </value>
            </param>
            <param index="1">
              <value>
                <![CDATA[3]]>
              </value>
            </param>
          </params>
          <reporter-output>
          </reporter-output>
        </test-method> <!-- addBookDynamic -->
        <test-method signature="addBookDynamic(java.lang.String,int)[pri:0, instance:pod1.DynamicJson@3e27aa33]" started-at="2023-05-05T02:47:44 IST" name="addBookDynamic" data-provider="bookList" finished-at="2023-05-05T02:47:45 IST" duration-ms="119" status="PASS">
          <params>
            <param index="0">
              <value>
                <![CDATA[BBgusn]]>
              </value>
            </param>
            <param index="1">
              <value>
                <![CDATA[32]]>
              </value>
            </param>
          </params>
          <reporter-output>
          </reporter-output>
        </test-method> <!-- addBookDynamic -->
        <test-method signature="addBookDynamic(java.lang.String,int)[pri:0, instance:pod1.DynamicJson@3e27aa33]" started-at="2023-05-05T02:47:45 IST" name="addBookDynamic" data-provider="bookList" finished-at="2023-05-05T02:47:45 IST" duration-ms="117" status="PASS">
          <params>
            <param index="0">
              <value>
                <![CDATA[GrofOT]]>
              </value>
            </param>
            <param index="1">
              <value>
                <![CDATA[71]]>
              </value>
            </param>
          </params>
          <reporter-output>
          </reporter-output>
        </test-method> <!-- addBookDynamic -->
        <test-method signature="addBookDynamic(java.lang.String,int)[pri:0, instance:pod1.DynamicJson@3e27aa33]" started-at="2023-05-05T02:47:45 IST" name="addBookDynamic" data-provider="bookList" finished-at="2023-05-05T02:47:45 IST" duration-ms="123" status="PASS">
          <params>
            <param index="0">
              <value>
                <![CDATA[Rd56GB]]>
              </value>
            </param>
            <param index="1">
              <value>
                <![CDATA[627]]>
              </value>
            </param>
          </params>
          <reporter-output>
          </reporter-output>
        </test-method> <!-- addBookDynamic -->
      </class> <!-- pod1.DynamicJson -->
    </test> <!-- Default test -->
  </suite> <!-- Default suite -->
</testng-results>
