<?xml version="1.0" encoding="UTF-8"?>
<testng-results ignored="0" total="1" passed="1" failed="0" skipped="0">
  <reporter-output>
  </reporter-output>
  <suite started-at="2023-07-10T03:57:25 IST" name="Default suite" finished-at="2023-07-10T03:57:25 IST" duration-ms="54">
    <groups>
    </groups>
    <test started-at="2023-07-10T03:57:25 IST" name="Default test" finished-at="2023-07-10T03:57:25 IST" duration-ms="54">
      <class name="a_pack.TestStream1">
        <test-method signature="StreamCollect()[pri:0, instance:a_pack.TestStream1@524d6d96]" started-at="2023-07-10T03:57:25 IST" name="StreamCollect" finished-at="2023-07-10T03:57:25 IST" duration-ms="10" status="PASS">
          <reporter-output>
          </reporter-output>
        </test-method> <!-- StreamCollect -->
      </class> <!-- a_pack.TestStream1 -->
    </test> <!-- Default test -->
  </suite> <!-- Default suite -->
</testng-results>
