<?xml version="1.0" encoding="UTF-8"?>
<testng-results ignored="0" total="1" passed="1" failed="0" skipped="0">
  <reporter-output>
  </reporter-output>
  <suite started-at="2023-06-05T16:22:37 IST" name="Default suite" finished-at="2023-06-05T16:22:41 IST" duration-ms="4731">
    <groups>
    </groups>
    <test started-at="2023-06-05T16:22:37 IST" name="Default test" finished-at="2023-06-05T16:22:41 IST" duration-ms="4731">
      <class name="com.tests.Login">
        <test-method signature="testLogin()[pri:0, instance:com.tests.Login@3f6f6701]" started-at="2023-06-05T16:22:37 IST" name="testLogin" finished-at="2023-06-05T16:22:41 IST" duration-ms="4672" status="PASS">
          <reporter-output>
          </reporter-output>
        </test-method> <!-- testLogin -->
      </class> <!-- com.tests.Login -->
    </test> <!-- Default test -->
  </suite> <!-- Default suite -->
</testng-results>
