<?xml version="1.0" encoding="UTF-8"?>
<!-- Generated by org.testng.reporters.JUnitXMLReporter -->
<testsuite ignored="2" hostname="Vijay" failures="0" tests="4" name="Default test" time="2.675" errors="0" timestamp="2023-05-05T02:47:45 IST">
  <testcase classname="pod1.DynamicJson" name="addBookDynamic" time="2.252"/>
  <testcase classname="pod1.DynamicJson" name="addBookDynamic" time="0.119"/>
  <testcase classname="pod1.DynamicJson" name="addBookDynamic" time="0.117"/>
  <testcase classname="pod1.DynamicJson" name="addBookDynamic" time="0.123"/>
  <testcase classname="pod1.DynamicJson" name="addBookDynamic" time="0.0">
    <ignored/>
  </testcase> <!-- addBookDynamic -->
  <testcase classname="pod1.DynamicJson" name="addBook" time="0.0">
    <ignored/>
  </testcase> <!-- addBook -->
</testsuite> <!-- Default test -->
