<?xml version="1.0" encoding="UTF-8"?>
<!-- Generated by org.testng.reporters.JUnitXMLReporter -->
<testsuite ignored="0" hostname="Vijay" failures="3" tests="8" name="Test" time="0.116" errors="0" timestamp="2023-07-18T04:05:36 IST">
  <testcase classname="com.qa.testng.listeners.TestngDemo1" name="testcase3" time="0.022">
    <failure type="java.lang.AssertionError" message="expected [true] but found [false]">
      <![CDATA[java.lang.AssertionError: expected [true] but found [false]
at com.qa.testng.listeners.TestngDemo1.testcase3(TestngDemo1.java:29)
at java.base/java.util.ArrayList.forEach(ArrayList.java:1511)
... Removed 31 stack frames]]>
    </failure>
  </testcase> <!-- testcase3 -->
  <testcase classname="com.qa.testng.listeners.TestngDemo1" name="testcase1" time="0.003"/>
  <testcase classname="com.qa.testng.listeners.TestngDemo1" name="testcase2" time="0.002"/>
  <testcase classname="com.qa.testng.listeners.TestngDemo1" name="testcase4" time="0.0">
    <skipped/>
  </testcase> <!-- testcase4 -->
  <testcase classname="com.qa.testng.listeners.TestngDemo2" name="testcase5" time="0.001"/>
  <testcase classname="com.qa.testng.listeners.TestngDemo2" name="testcase6" time="0.001"/>
  <testcase classname="com.qa.testng.listeners.TestngDemo2" name="testcase7" time="0.001">
    <failure type="java.lang.AssertionError" message="expected [true] but found [false]">
      <![CDATA[java.lang.AssertionError: expected [true] but found [false]
at com.qa.testng.listeners.TestngDemo2.testcase7(TestngDemo2.java:29)
at java.base/java.util.ArrayList.forEach(ArrayList.java:1511)
... Removed 31 stack frames]]>
    </failure>
  </testcase> <!-- testcase7 -->
  <testcase classname="com.qa.testng.listeners.TestngDemo2" name="testcase8" time="0.006">
    <failure type="java.lang.AssertionError" message="The following asserts failed:
	expected [true] but found [false]">
      <![CDATA[java.lang.AssertionError: The following asserts failed:
expected [true] but found [false]
at com.qa.testng.listeners.TestngDemo2.testcase8(TestngDemo2.java:38)
at java.base/java.util.ArrayList.forEach(ArrayList.java:1511)
... Removed 29 stack frames]]>
    </failure>
  </testcase> <!-- testcase8 -->
</testsuite> <!-- Test -->
