<?xml version="1.0" encoding="UTF-8"?>
<!-- Generated by org.testng.reporters.JUnitXMLReporter -->
<testsuite ignored="0" hostname="Vijay" failures="0" tests="4" name="Test" time="0.073" errors="0" timestamp="2023-07-24T01:37:29 IST">
  <testcase classname="com.app.qa.org.DemoCmd1" name="TestCase1" time="0.012"/>
  <testcase classname="com.app.qa.org.DemoCmd1" name="TestCase2" time="0.002"/>
  <testcase classname="com.app.qa.org.DemoCmd1" name="TestCase3" time="0.001"/>
  <testcase classname="com.app.qa.org.DemoCmd1" name="TestCase4" time="0.002"/>
</testsuite> <!-- Test -->
