<?xml version="1.0" encoding="UTF-8"?>
<testng-results ignored="0" total="4" passed="4" failed="0" skipped="0">
  <reporter-output>
  </reporter-output>
  <suite started-at="2023-07-24T01:37:29 IST" name="Suite" finished-at="2023-07-24T01:37:29 IST" duration-ms="73">
    <groups>
    </groups>
    <test started-at="2023-07-24T01:37:29 IST" name="Test" finished-at="2023-07-24T01:37:29 IST" duration-ms="73">
      <class name="com.app.qa.org.DemoCmd1">
        <test-method signature="TestCase1()[pri:0, instance:com.app.qa.org.DemoCmd1@2e3967ea]" started-at="2023-07-24T01:37:29 IST" name="TestCase1" finished-at="2023-07-24T01:37:29 IST" duration-ms="12" status="PASS">
          <reporter-output>
          </reporter-output>
        </test-method> <!-- TestCase1 -->
        <test-method signature="TestCase2()[pri:0, instance:com.app.qa.org.DemoCmd1@2e3967ea]" started-at="2023-07-24T01:37:29 IST" name="TestCase2" finished-at="2023-07-24T01:37:29 IST" duration-ms="2" status="PASS">
          <reporter-output>
          </reporter-output>
        </test-method> <!-- TestCase2 -->
        <test-method signature="TestCase3()[pri:0, instance:com.app.qa.org.DemoCmd1@2e3967ea]" started-at="2023-07-24T01:37:29 IST" name="TestCase3" finished-at="2023-07-24T01:37:29 IST" duration-ms="1" status="PASS">
          <reporter-output>
          </reporter-output>
        </test-method> <!-- TestCase3 -->
        <test-method signature="TestCase4()[pri:0, instance:com.app.qa.org.DemoCmd1@2e3967ea]" started-at="2023-07-24T01:37:29 IST" name="TestCase4" finished-at="2023-07-24T01:37:29 IST" duration-ms="2" status="PASS">
          <reporter-output>
          </reporter-output>
        </test-method> <!-- TestCase4 -->
      </class> <!-- com.app.qa.org.DemoCmd1 -->
    </test> <!-- Test -->
  </suite> <!-- Suite -->
</testng-results>
