<?xml version="1.0" encoding="UTF-8"?>
<testng-results ignored="0" total="2" passed="2" failed="0" skipped="0">
  <reporter-output>
  </reporter-output>
  <suite started-at="2023-08-21T12:59:32 IST" name="Default suite" finished-at="2023-08-21T12:59:33 IST" duration-ms="1573">
    <groups>
    </groups>
    <test started-at="2023-08-21T12:59:32 IST" name="Default test" finished-at="2023-08-21T12:59:33 IST" duration-ms="1573">
      <class name="com.qa.rest.testNg.SumValidation">
        <test-method signature="getCopies()[pri:0, instance:com.qa.rest.testNg.SumValidation@1ffaf86]" started-at="2023-08-21T12:59:32 IST" name="getCopies" finished-at="2023-08-21T12:59:33 IST" duration-ms="1401" status="PASS">
          <reporter-output>
          </reporter-output>
        </test-method> <!-- getCopies -->
        <test-method signature="sumOfCourses()[pri:0, instance:com.qa.rest.testNg.SumValidation@1ffaf86]" started-at="2023-08-21T12:59:33 IST" name="sumOfCourses" finished-at="2023-08-21T12:59:33 IST" duration-ms="125" status="PASS">
          <reporter-output>
          </reporter-output>
        </test-method> <!-- sumOfCourses -->
      </class> <!-- com.qa.rest.testNg.SumValidation -->
    </test> <!-- Default test -->
  </suite> <!-- Default suite -->
</testng-results>
